Detecting C compiler ABI info failed to compile with the following output:
Change Dir: /mnt/e/Projects/C++_Projects/hierarchical-zbuffer/build/CMakeFiles/CMakeTmp

Run Build Command(s):/usr/bin/gmake -f Makefile cmTC_123c8/fast && /usr/bin/gmake  -f CMakeFiles/cmTC_123c8.dir/build.make CMakeFiles/cmTC_123c8.dir/build
gmake[1]: Entering directory '/mnt/e/Projects/C++_Projects/hierarchical-zbuffer/build/CMakeFiles/CMakeTmp'
Building C object CMakeFiles/cmTC_123c8.dir/CMakeCCompilerABI.c.o
"/mnt/d/Program Files/mingw64/bin/gcc.exe"   -v -o CMakeFiles/cmTC_123c8.dir/CMakeCCompilerABI.c.o -c /usr/share/cmake-3.22/Modules/CMakeCCompilerABI.c
gcc.exe: error: /usr/share/cmake-3.22/Modules/CMakeCCompilerABI.c: No such file or directory
Using built-in specs.
COLLECT_GCC=gcc.exe
Target: x86_64-w64-mingw32
Configured with: ../../../src/gcc-8.1.0/configure --host=x86_64-w64-mingw32 --build=x86_64-w64-mingw32 --target=x86_64-w64-mingw32 --prefix=/mingw64 --with-sysroot=/c/mingw810/x86_64-810-posix-seh-rt_v6-rev0/mingw64 --enable-shared --enable-static --disable-multilib --enable-languages=c,c++,fortran,lto --enable-libstdcxx-time=yes --enable-threads=posix --enable-libgomp --enable-libatomic --enable-lto --enable-graphite --enable-checking=release --enable-fully-dynamic-string --enable-version-specific-runtime-libs --disable-libstdcxx-pch --disable-libstdcxx-debug --enable-bootstrap --disable-rpath --disable-win32-registry --disable-nls --disable-werror --disable-symvers --with-gnu-as --with-gnu-ld --with-arch=nocona --with-tune=core2 --with-libiconv --with-system-zlib --with-gmp=/c/mingw810/prerequisites/x86_64-w64-mingw32-static --with-mpfr=/c/mingw810/prerequisites/x86_64-w64-mingw32-static --with-mpc=/c/mingw810/prerequisites/x86_64-w64-mingw32-static --with-isl=/c/mingw810/prerequisites/x86_64-w64-mingw32-static --with-pkgversion='x86_64-posix-seh-rev0, Built by MinGW-W64 project' --with-bugurl=https://sourceforge.net/projects/mingw-w64 CFLAGS='-O2 -pipe -fno-ident -I/c/mingw810/x86_64-810-posix-seh-rt_v6-rev0/mingw64/opt/include -I/c/mingw810/prerequisites/x86_64-zlib-static/include -I/c/mingw810/prerequisites/x86_64-w64-mingw32-static/include' CXXFLAGS='-O2 -pipe -fno-ident -I/c/mingw810/x86_64-810-posix-seh-rt_v6-rev0/mingw64/opt/include -I/c/mingw810/prerequisites/x86_64-zlib-static/include -I/c/mingw810/prerequisites/x86_64-w64-mingw32-static/include' CPPFLAGS=' -I/c/mingw810/x86_64-810-posix-seh-rt_v6-rev0/mingw64/opt/include -I/c/mingw810/prerequisites/x86_64-zlib-static/include -I/c/mingw810/prerequisites/x86_64-w64-mingw32-static/include' LDFLAGS='-pipe -fno-ident -L/c/mingw810/x86_64-810-posix-seh-rt_v6-rev0/mingw64/opt/lib -L/c/mingw810/prerequisites/x86_64-zlib-static/lib -L/c/mingw810/prerequisites/x86_64-w64-mingw32-static/lib '
Thread model: posix
gcc version 8.1.0 (x86_64-posix-seh-rev0, Built by MinGW-W64 project) 
Linking C executable cmTC_123c8
/usr/bin/cmake -E cmake_link_script CMakeFiles/cmTC_123c8.dir/link.txt --verbose=1
"/mnt/d/Program Files/mingw64/bin/gcc.exe"  -v CMakeFiles/cmTC_123c8.dir/CMakeCCompilerABI.c.o -o cmTC_123c8 
gcc.exe: error: CMakeFiles/cmTC_123c8.dir/CMakeCCompilerABI.c.o: No such file or directory
Using built-in specs.
COLLECT_GCC=gcc.exe
COLLECT_LTO_WRAPPER=D:/Program\ Files/mingw64/bin/../libexec/gcc/x86_64-w64-mingw32/8.1.0/lto-wrapper.exe
Target: x86_64-w64-mingw32
Configured with: ../../../src/gcc-8.1.0/configure --host=x86_64-w64-mingw32 --build=x86_64-w64-mingw32 --target=x86_64-w64-mingw32 --prefix=/mingw64 --with-sysroot=/c/mingw810/x86_64-810-posix-seh-rt_v6-rev0/mingw64 --enable-shared --enable-static --disable-multilib --enable-languages=c,c++,fortran,lto --enable-libstdcxx-time=yes --enable-threads=posix --enable-libgomp --enable-libatomic --enable-lto --enable-graphite --enable-checking=release --enable-fully-dynamic-string --enable-version-specific-runtime-libs --disable-libstdcxx-pch --disable-libstdcxx-debug --enable-bootstrap --disable-rpath --disable-win32-registry --disable-nls --disable-werror --disable-symvers --with-gnu-as --with-gnu-ld --with-arch=nocona --with-tune=core2 --with-libiconv --with-system-zlib --with-gmp=/c/mingw810/prerequisites/x86_64-w64-mingw32-static --with-mpfr=/c/mingw810/prerequisites/x86_64-w64-mingw32-static --with-mpc=/c/mingw810/prerequisites/x86_64-w64-mingw32-static --with-isl=/c/mingw810/prerequisites/x86_64-w64-mingw32-static --with-pkgversion='x86_64-posix-seh-rev0, Built by MinGW-W64 project' --with-bugurl=https://sourceforge.net/projects/mingw-w64 CFLAGS='-O2 -pipe -fno-ident -I/c/mingw810/x86_64-810-posix-seh-rt_v6-rev0/mingw64/opt/include -I/c/mingw810/prerequisites/x86_64-zlib-static/include -I/c/mingw810/prerequisites/x86_64-w64-mingw32-static/include' CXXFLAGS='-O2 -pipe -fno-ident -I/c/mingw810/x86_64-810-posix-seh-rt_v6-rev0/mingw64/opt/include -I/c/mingw810/prerequisites/x86_64-zlib-static/include -I/c/mingw810/prerequisites/x86_64-w64-mingw32-static/include' CPPFLAGS=' -I/c/mingw810/x86_64-810-posix-seh-rt_v6-rev0/mingw64/opt/include -I/c/mingw810/prerequisites/x86_64-zlib-static/include -I/c/mingw810/prerequisites/x86_64-w64-mingw32-static/include' LDFLAGS='-pipe -fno-ident -L/c/mingw810/x86_64-810-posix-seh-rt_v6-rev0/mingw64/opt/lib -L/c/mingw810/prerequisites/x86_64-zlib-static/lib -L/c/mingw810/prerequisites/x86_64-w64-mingw32-static/lib '
Thread model: posix
gcc version 8.1.0 (x86_64-posix-seh-rev0, Built by MinGW-W64 project) 
gmake[1]: Leaving directory '/mnt/e/Projects/C++_Projects/hierarchical-zbuffer/build/CMakeFiles/CMakeTmp'


Cannot copy output executable
  ''
to destination specified by COPY_FILE:
  '/mnt/e/Projects/C++_Projects/hierarchical-zbuffer/build/CMakeFiles/3.22.1/CMakeDetermineCompilerABI_C.bin'
Unable to find the executable at any of:
  /mnt/e/Projects/C++_Projects/hierarchical-zbuffer/build/CMakeFiles/CMakeTmp/cmTC_123c8
  /mnt/e/Projects/C++_Projects/hierarchical-zbuffer/build/CMakeFiles/CMakeTmp/Debug/cmTC_123c8
  /mnt/e/Projects/C++_Projects/hierarchical-zbuffer/build/CMakeFiles/CMakeTmp/Development/cmTC_123c8


Determining if the C compiler works failed with the following output:
Change Dir: /mnt/e/Projects/C++_Projects/hierarchical-zbuffer/build/CMakeFiles/CMakeTmp

Run Build Command(s):/usr/bin/gmake -f Makefile cmTC_6c5cb/fast && /usr/bin/gmake  -f CMakeFiles/cmTC_6c5cb.dir/build.make CMakeFiles/cmTC_6c5cb.dir/build
gmake[1]: Entering directory '/mnt/e/Projects/C++_Projects/hierarchical-zbuffer/build/CMakeFiles/CMakeTmp'
Building C object CMakeFiles/cmTC_6c5cb.dir/testCCompiler.c.o
"/mnt/d/Program Files/mingw64/bin/gcc.exe"    -o CMakeFiles/cmTC_6c5cb.dir/testCCompiler.c.o -c /mnt/e/Projects/C++_Projects/hierarchical-zbuffer/build/CMakeFiles/CMakeTmp/testCCompiler.c
gcc.exe: error: /mnt/e/Projects/C++_Projects/hierarchical-zbuffer/build/CMakeFiles/CMakeTmp/testCCompiler.c: No such file or directory
gcc.exe: fatal error: no input files
compilation terminated.
gmake[1]: *** [CMakeFiles/cmTC_6c5cb.dir/build.make:78: CMakeFiles/cmTC_6c5cb.dir/testCCompiler.c.o] Error 1
gmake[1]: Leaving directory '/mnt/e/Projects/C++_Projects/hierarchical-zbuffer/build/CMakeFiles/CMakeTmp'
gmake: *** [Makefile:127: cmTC_6c5cb/fast] Error 2



Detecting C compiler ABI info failed to compile with the following output:
Change Dir: /mnt/e/Projects/C++_Projects/hierarchical-zbuffer/build/CMakeFiles/CMakeTmp

Run Build Command(s):/usr/bin/gmake -f Makefile cmTC_d4240/fast && /usr/bin/gmake  -f CMakeFiles/cmTC_d4240.dir/build.make CMakeFiles/cmTC_d4240.dir/build
gmake[1]: Entering directory '/mnt/e/Projects/C++_Projects/hierarchical-zbuffer/build/CMakeFiles/CMakeTmp'
Building C object CMakeFiles/cmTC_d4240.dir/CMakeCCompilerABI.c.o
"/mnt/d/Program Files/mingw64/bin/gcc.exe"   -v -o CMakeFiles/cmTC_d4240.dir/CMakeCCompilerABI.c.o -c /usr/share/cmake-3.22/Modules/CMakeCCompilerABI.c
gcc.exe: error: /usr/share/cmake-3.22/Modules/CMakeCCompilerABI.c: No such file or directory
Using built-in specs.
COLLECT_GCC=gcc.exe
Target: x86_64-w64-mingw32
Configured with: ../../../src/gcc-8.1.0/configure --host=x86_64-w64-mingw32 --build=x86_64-w64-mingw32 --target=x86_64-w64-mingw32 --prefix=/mingw64 --with-sysroot=/c/mingw810/x86_64-810-posix-seh-rt_v6-rev0/mingw64 --enable-shared --enable-static --disable-multilib --enable-languages=c,c++,fortran,lto --enable-libstdcxx-time=yes --enable-threads=posix --enable-libgomp --enable-libatomic --enable-lto --enable-graphite --enable-checking=release --enable-fully-dynamic-string --enable-version-specific-runtime-libs --disable-libstdcxx-pch --disable-libstdcxx-debug --enable-bootstrap --disable-rpath --disable-win32-registry --disable-nls --disable-werror --disable-symvers --with-gnu-as --with-gnu-ld --with-arch=nocona --with-tune=core2 --with-libiconv --with-system-zlib --with-gmp=/c/mingw810/prerequisites/x86_64-w64-mingw32-static --with-mpfr=/c/mingw810/prerequisites/x86_64-w64-mingw32-static --with-mpc=/c/mingw810/prerequisites/x86_64-w64-mingw32-static --with-isl=/c/mingw810/prerequisites/x86_64-w64-mingw32-static --with-pkgversion='x86_64-posix-seh-rev0, Built by MinGW-W64 project' --with-bugurl=https://sourceforge.net/projects/mingw-w64 CFLAGS='-O2 -pipe -fno-ident -I/c/mingw810/x86_64-810-posix-seh-rt_v6-rev0/mingw64/opt/include -I/c/mingw810/prerequisites/x86_64-zlib-static/include -I/c/mingw810/prerequisites/x86_64-w64-mingw32-static/include' CXXFLAGS='-O2 -pipe -fno-ident -I/c/mingw810/x86_64-810-posix-seh-rt_v6-rev0/mingw64/opt/include -I/c/mingw810/prerequisites/x86_64-zlib-static/include -I/c/mingw810/prerequisites/x86_64-w64-mingw32-static/include' CPPFLAGS=' -I/c/mingw810/x86_64-810-posix-seh-rt_v6-rev0/mingw64/opt/include -I/c/mingw810/prerequisites/x86_64-zlib-static/include -I/c/mingw810/prerequisites/x86_64-w64-mingw32-static/include' LDFLAGS='-pipe -fno-ident -L/c/mingw810/x86_64-810-posix-seh-rt_v6-rev0/mingw64/opt/lib -L/c/mingw810/prerequisites/x86_64-zlib-static/lib -L/c/mingw810/prerequisites/x86_64-w64-mingw32-static/lib '
Thread model: posix
gcc version 8.1.0 (x86_64-posix-seh-rev0, Built by MinGW-W64 project) 
Linking C executable cmTC_d4240
/usr/bin/cmake -E cmake_link_script CMakeFiles/cmTC_d4240.dir/link.txt --verbose=1
"/mnt/d/Program Files/mingw64/bin/gcc.exe"  -v CMakeFiles/cmTC_d4240.dir/CMakeCCompilerABI.c.o -o cmTC_d4240 
gcc.exe: error: CMakeFiles/cmTC_d4240.dir/CMakeCCompilerABI.c.o: No such file or directory
Using built-in specs.
COLLECT_GCC=gcc.exe
COLLECT_LTO_WRAPPER=D:/Program\ Files/mingw64/bin/../libexec/gcc/x86_64-w64-mingw32/8.1.0/lto-wrapper.exe
Target: x86_64-w64-mingw32
Configured with: ../../../src/gcc-8.1.0/configure --host=x86_64-w64-mingw32 --build=x86_64-w64-mingw32 --target=x86_64-w64-mingw32 --prefix=/mingw64 --with-sysroot=/c/mingw810/x86_64-810-posix-seh-rt_v6-rev0/mingw64 --enable-shared --enable-static --disable-multilib --enable-languages=c,c++,fortran,lto --enable-libstdcxx-time=yes --enable-threads=posix --enable-libgomp --enable-libatomic --enable-lto --enable-graphite --enable-checking=release --enable-fully-dynamic-string --enable-version-specific-runtime-libs --disable-libstdcxx-pch --disable-libstdcxx-debug --enable-bootstrap --disable-rpath --disable-win32-registry --disable-nls --disable-werror --disable-symvers --with-gnu-as --with-gnu-ld --with-arch=nocona --with-tune=core2 --with-libiconv --with-system-zlib --with-gmp=/c/mingw810/prerequisites/x86_64-w64-mingw32-static --with-mpfr=/c/mingw810/prerequisites/x86_64-w64-mingw32-static --with-mpc=/c/mingw810/prerequisites/x86_64-w64-mingw32-static --with-isl=/c/mingw810/prerequisites/x86_64-w64-mingw32-static --with-pkgversion='x86_64-posix-seh-rev0, Built by MinGW-W64 project' --with-bugurl=https://sourceforge.net/projects/mingw-w64 CFLAGS='-O2 -pipe -fno-ident -I/c/mingw810/x86_64-810-posix-seh-rt_v6-rev0/mingw64/opt/include -I/c/mingw810/prerequisites/x86_64-zlib-static/include -I/c/mingw810/prerequisites/x86_64-w64-mingw32-static/include' CXXFLAGS='-O2 -pipe -fno-ident -I/c/mingw810/x86_64-810-posix-seh-rt_v6-rev0/mingw64/opt/include -I/c/mingw810/prerequisites/x86_64-zlib-static/include -I/c/mingw810/prerequisites/x86_64-w64-mingw32-static/include' CPPFLAGS=' -I/c/mingw810/x86_64-810-posix-seh-rt_v6-rev0/mingw64/opt/include -I/c/mingw810/prerequisites/x86_64-zlib-static/include -I/c/mingw810/prerequisites/x86_64-w64-mingw32-static/include' LDFLAGS='-pipe -fno-ident -L/c/mingw810/x86_64-810-posix-seh-rt_v6-rev0/mingw64/opt/lib -L/c/mingw810/prerequisites/x86_64-zlib-static/lib -L/c/mingw810/prerequisites/x86_64-w64-mingw32-static/lib '
Thread model: posix
gcc version 8.1.0 (x86_64-posix-seh-rev0, Built by MinGW-W64 project) 
gmake[1]: Leaving directory '/mnt/e/Projects/C++_Projects/hierarchical-zbuffer/build/CMakeFiles/CMakeTmp'


Cannot copy output executable
  ''
to destination specified by COPY_FILE:
  '/mnt/e/Projects/C++_Projects/hierarchical-zbuffer/build/CMakeFiles/3.22.1/CMakeDetermineCompilerABI_C.bin'
Unable to find the executable at any of:
  /mnt/e/Projects/C++_Projects/hierarchical-zbuffer/build/CMakeFiles/CMakeTmp/cmTC_d4240
  /mnt/e/Projects/C++_Projects/hierarchical-zbuffer/build/CMakeFiles/CMakeTmp/Debug/cmTC_d4240
  /mnt/e/Projects/C++_Projects/hierarchical-zbuffer/build/CMakeFiles/CMakeTmp/Development/cmTC_d4240


Determining if the C compiler works failed with the following output:
Change Dir: /mnt/e/Projects/C++_Projects/hierarchical-zbuffer/build/CMakeFiles/CMakeTmp

Run Build Command(s):/usr/bin/gmake -f Makefile cmTC_fd81a/fast && /usr/bin/gmake  -f CMakeFiles/cmTC_fd81a.dir/build.make CMakeFiles/cmTC_fd81a.dir/build
gmake[1]: Entering directory '/mnt/e/Projects/C++_Projects/hierarchical-zbuffer/build/CMakeFiles/CMakeTmp'
Building C object CMakeFiles/cmTC_fd81a.dir/testCCompiler.c.o
"/mnt/d/Program Files/mingw64/bin/gcc.exe"    -o CMakeFiles/cmTC_fd81a.dir/testCCompiler.c.o -c /mnt/e/Projects/C++_Projects/hierarchical-zbuffer/build/CMakeFiles/CMakeTmp/testCCompiler.c
gcc.exe: error: /mnt/e/Projects/C++_Projects/hierarchical-zbuffer/build/CMakeFiles/CMakeTmp/testCCompiler.c: No such file or directory
gcc.exe: fatal error: no input files
compilation terminated.
gmake[1]: *** [CMakeFiles/cmTC_fd81a.dir/build.make:78: CMakeFiles/cmTC_fd81a.dir/testCCompiler.c.o] Error 1
gmake[1]: Leaving directory '/mnt/e/Projects/C++_Projects/hierarchical-zbuffer/build/CMakeFiles/CMakeTmp'
gmake: *** [Makefile:127: cmTC_fd81a/fast] Error 2



